<?xml version="1.0" encoding="UTF-8"?>
<testsuite xmlns:xsi="http://www.w3.org/2001/XMLSchema-instance" xsi:noNamespaceSchemaLocation="https://maven.apache.org/surefire/maven-surefire-plugin/xsd/surefire-test-report-3.0.xsd" version="3.0" name="com.speer.sharenotex.ShareNoteXApplicationTests" time="25.565" tests="1" errors="0" skipped="0" failures="0">
  <properties>
[...]
</properties>
  <testcase name="contextLoads" classname="com.speer.sharenotex.ShareNoteXApplicationTests" time="0.908">
    <system-out><![CDATA[16:38:19.181 [main] INFO org.springframework.test.context.support.AnnotationConfigContextLoaderUtils -- Could not detect default configuration classes for test class [com.speer.sharenotex.ShareNoteXApplicationTests]: ShareNoteXApplicationTests does not declare any static, non-private, non-final, nested classes annotated with @Configuration.
16:38:19.430 [main] INFO org.springframework.boot.test.context.SpringBootTestContextBootstrapper -- Found @SpringBootConfiguration com.speer.sharenotex.ShareNoteXApplication for test class com.speer.sharenotex.ShareNoteXApplicationTests
16:38:19.828 [main] INFO org.springframework.boot.devtools.restart.RestartApplicationListener -- Restart disabled due to context in which it is running

  .   ____          _            __ _ _
 /\\ / ___'_ __ _ _(_)_ __  __ _ \ \ \ \
( ( )\___ | '_ | '_| | '_ \/ _` | \ \ \ \
 \\/  ___)| |_)| | | | | || (_| |  ) ) ) )
  '  |____| .__|_| |_|_| |_\__, | / / / /
 =========|_|==============|___/=/_/_/_/
 :: Spring Boot ::                (v3.2.1)

2024-02-21T16:38:20.548+05:30  INFO 12688 --- [ShareNoteX] [           main] c.s.s.ShareNoteXApplicationTests         : Starting ShareNoteXApplicationTests using Java 17.0.7 with PID 12688 (started by mdsharif in D:\SpeerBackend\sharenotex)
2024-02-21T16:38:20.551+05:30  INFO 12688 --- [ShareNoteX] [           main] c.s.s.ShareNoteXApplicationTests         : The following 1 profile is active: "development"
2024-02-21T16:38:23.258+05:30  INFO 12688 --- [ShareNoteX] [           main] .s.d.r.c.RepositoryConfigurationDelegate : Bootstrapping Spring Data JPA repositories in DEFAULT mode.
2024-02-21T16:38:23.622+05:30  INFO 12688 --- [ShareNoteX] [           main] .s.d.r.c.RepositoryConfigurationDelegate : Finished Spring Data repository scanning in 340 ms. Found 3 JPA repository interfaces.
2024-02-21T16:38:26.511+05:30  INFO 12688 --- [ShareNoteX] [           main] o.hibernate.jpa.internal.util.LogHelper  : HHH000204: Processing PersistenceUnitInfo [name: default]
2024-02-21T16:38:26.687+05:30  INFO 12688 --- [ShareNoteX] [           main] org.hibernate.Version                    : HHH000412: Hibernate ORM core version 6.4.1.Final
2024-02-21T16:38:26.771+05:30  INFO 12688 --- [ShareNoteX] [           main] o.h.c.internal.RegionFactoryInitiator    : HHH000026: Second-level cache disabled
2024-02-21T16:38:27.409+05:30  INFO 12688 --- [ShareNoteX] [           main] o.s.o.j.p.SpringPersistenceUnitInfo      : No LoadTimeWeaver setup: ignoring JPA class transformer
2024-02-21T16:38:27.467+05:30  INFO 12688 --- [ShareNoteX] [           main] com.zaxxer.hikari.HikariDataSource       : HikariPool-1 - Starting...
2024-02-21T16:38:30.002+05:30  INFO 12688 --- [ShareNoteX] [           main] com.zaxxer.hikari.pool.HikariPool        : HikariPool-1 - Added connection ConnectionID:1 ClientConnectionId: cbdf3b27-0446-4188-bd50-da6d0a3e961a
2024-02-21T16:38:30.013+05:30  INFO 12688 --- [ShareNoteX] [           main] com.zaxxer.hikari.HikariDataSource       : HikariPool-1 - Start completed.
2024-02-21T16:38:30.157+05:30  WARN 12688 --- [ShareNoteX] [           main] org.hibernate.orm.deprecation            : HHH90000025: SQLServer2012Dialect does not need to be specified explicitly using 'hibernate.dialect' (remove the property setting and it will be selected by default)
2024-02-21T16:38:30.164+05:30  WARN 12688 --- [ShareNoteX] [           main] org.hibernate.orm.deprecation            : HHH90000026: SQLServer2012Dialect has been deprecated; use org.hibernate.dialect.SQLServerDialect instead
2024-02-21T16:38:33.766+05:30  INFO 12688 --- [ShareNoteX] [           main] o.h.e.t.j.p.i.JtaPlatformInitiator       : HHH000489: No JTA platform available (set 'hibernate.transaction.jta.platform' to enable JTA platform integration)
2024-02-21T16:38:35.185+05:30  INFO 12688 --- [ShareNoteX] [           main] j.LocalContainerEntityManagerFactoryBean : Initialized JPA EntityManagerFactory for persistence unit 'default'
2024-02-21T16:38:37.294+05:30  WARN 12688 --- [ShareNoteX] [           main] JpaBaseConfiguration$JpaWebConfiguration : spring.jpa.open-in-view is enabled by default. Therefore, database queries may be performed during view rendering. Explicitly configure spring.jpa.open-in-view to disable this warning
2024-02-21T16:38:41.140+05:30  INFO 12688 --- [ShareNoteX] [           main] o.s.s.web.DefaultSecurityFilterChain     : Will secure any request with [org.springframework.security.web.session.DisableEncodeUrlFilter@2fb36d8d, org.springframework.security.web.context.request.async.WebAsyncManagerIntegrationFilter@35eac1dd, org.springframework.security.web.context.SecurityContextHolderFilter@69554e5a, org.springframework.security.web.header.HeaderWriterFilter@37635407, org.springframework.web.filter.CorsFilter@639f5460, org.springframework.security.web.authentication.logout.LogoutFilter@e19908e, com.speer.sharenotex.config.JwtAuthFilter@ae4a043, org.springframework.security.web.savedrequest.RequestCacheAwareFilter@27d6ff8c, org.springframework.security.web.servletapi.SecurityContextHolderAwareRequestFilter@39b752f4, org.springframework.security.web.authentication.AnonymousAuthenticationFilter@2e3fa7a7, org.springframework.security.web.access.ExceptionTranslationFilter@3bad0efd, org.springframework.security.web.access.intercept.AuthorizationFilter@233202aa]
2024-02-21T16:38:43.490+05:30  INFO 12688 --- [ShareNoteX] [           main] c.s.s.ShareNoteXApplicationTests         : Started ShareNoteXApplicationTests in 23.701 seconds (process running for 26.387)
]]></system-out>
  </testcase>
</testsuite>